<?xml version="1.0" encoding="UTF-8"?>
<!-- Generated by org.testng.reporters.JUnitReportReporter -->
<testsuite hostname="DESKTOP-1RHU1NU" failures="0" tests="1" name="programlist.Ano" time="8.779" errors="0" timestamp="2021-08-18T14:15:54 IST" skipped="0">
  <testcase classname="programlist.Ano" name="login" time="8.779"/>
  <system-out>
    <![CDATA[Facebook – log in or sign up
https://en-gb.facebook.com/login/?privacy_mutation_token=eyJ0eXBlIjowLCJjcmVhdGlvbl90aW1lIjoxNjI5Mjc2MzQ0LCJjYWxsc2l0ZV9pZCI6MzgxMjI5MDc5NTc1OTQ2fQ%3D%3D]]>
  </system-out>
</testsuite> <!-- programlist.Ano -->
